# JRE version: Java(TM) SE Runtime Environment (8.0_112-b15) (build 1.8.0_112-b15)
# Java VM: Java HotSpot(TM) 64-Bit Server VM (25.112-b15 mixed mode windows-amd64 compressed oops)
Heap:
 PSYoungGen      total 57856K, used 38356K [0x00000007bc400000, 0x00000007c0000000, 0x00000007c0000000)
  eden space 55296K, 65% used [0x00000007bc400000,0x00000007be798cb0,0x00000007bfa00000)
  from space 2560K, 74% used [0x00000007bfd80000,0x00000007bff5c568,0x00000007c0000000)
  to   space 3072K, 0% used [0x00000007bfa00000,0x00000007bfa00000,0x00000007bfd00000)
 ParOldGen       total 125952K, used 56197K [0x0000000700000000, 0x0000000707b00000, 0x00000007bc400000)
  object space 125952K, 44% used [0x0000000700000000,0x00000007036e1480,0x0000000707b00000)
 Metaspace       used 71261K, capacity 71887K, committed 72704K, reserved 1112064K
  class space    used 9530K, capacity 9657K, committed 9728K, reserved 1048576K
GC Heap History (10 events):
Event: 9408.554 GC heap before
{Heap before GC invocations=1114 (full 448):
 PSYoungGen      total 59904K, used 59040K [0x00000007bc400000, 0x00000007c0000000, 0x00000007c0000000)
  eden space 58368K, 100% used [0x00000007bc400000,0x00000007bfd00000,0x00000007bfd00000)
  from space 1536K, 43% used [0x00000007bfd00000,0x00000007bfda8000,0x00000007bfe80000)
  to   space 1536K, 0% used [0x00000007bfe80000,0x00000007bfe80000,0x00000007c0000000)
 ParOldGen       total 125952K, used 55706K [0x0000000700000000, 0x0000000707b00000, 0x00000007bc400000)
  object space 125952K, 44% used [0x0000000700000000,0x00000007036669c0,0x0000000707b00000)
 Metaspace       used 71241K, capacity 71823K, committed 72704K, reserved 1112064K
  class space    used 9530K, capacity 9657K, committed 9728K, reserved 1048576K
Event: 9408.559 GC heap after
Heap after GC invocations=1114 (full 448):
 PSYoungGen      total 58880K, used 1535K [0x00000007bc400000, 0x00000007c0000000, 0x00000007c0000000)
  eden space 57344K, 0% used [0x00000007bc400000,0x00000007bc400000,0x00000007bfc00000)
  from space 1536K, 99% used [0x00000007bfe80000,0x00000007bffffd20,0x00000007c0000000)
  to   space 2048K, 0% used [0x00000007bfc00000,0x00000007bfc00000,0x00000007bfe00000)
 ParOldGen       total 125952K, used 56194K [0x0000000700000000, 0x0000000707b00000, 0x00000007bc400000)
  object space 125952K, 44% used [0x0000000700000000,0x00000007036e09c0,0x0000000707b00000)
 Metaspace       used 71241K, capacity 71823K, committed 72704K, reserved 1112064K
  class space    used 9530K, capacity 9657K, committed 9728K, reserved 1048576K
}
Event: 9411.750 GC heap before
{Heap before GC invocations=1115 (full 448):
 PSYoungGen      total 58880K, used 58879K [0x00000007bc400000, 0x00000007c0000000, 0x00000007c0000000)
  eden space 57344K, 100% used [0x00000007bc400000,0x00000007bfc00000,0x00000007bfc00000)
  from space 1536K, 99% used [0x00000007bfe80000,0x00000007bffffd20,0x00000007c0000000)
  to   space 2048K, 0% used [0x00000007bfc00000,0x00000007bfc00000,0x00000007bfe00000)
 ParOldGen       total 125952K, used 56196K [0x0000000700000000, 0x0000000707b00000, 0x00000007bc400000)
  object space 125952K, 44% used [0x0000000700000000,0x00000007036e1368,0x0000000707b00000)
 Metaspace       used 71243K, capacity 71823K, committed 72704K, reserved 1112064K
  class space    used 9530K, capacity 9657K, committed 9728K, reserved 1048576K
Event: 9411.758 GC heap after
Heap after GC invocations=1115 (full 448):
 PSYoungGen      total 59392K, used 2033K [0x00000007bc400000, 0x00000007c0000000, 0x00000007c0000000)
  eden space 57344K, 0% used [0x00000007bc400000,0x00000007bc400000,0x00000007bfc00000)
  from space 2048K, 99% used [0x00000007bfc00000,0x00000007bfdfc568,0x00000007bfe00000)
  to   space 2048K, 0% used [0x00000007bfe00000,0x00000007bfe00000,0x00000007c0000000)
 ParOldGen       total 125952K, used 56196K [0x0000000700000000, 0x0000000707b00000, 0x00000007bc400000)
  object space 125952K, 44% used [0x0000000700000000,0x00000007036e1368,0x0000000707b00000)
 Metaspace       used 71243K, capacity 71823K, committed 72704K, reserved 1112064K
  class space    used 9530K, capacity 9657K, committed 9728K, reserved 1048576K
}
Event: 9424.272 GC heap before
{Heap before GC invocations=1116 (full 448):
 PSYoungGen      total 59392K, used 59377K [0x00000007bc400000, 0x00000007c0000000, 0x00000007c0000000)
  eden space 57344K, 100% used [0x00000007bc400000,0x00000007bfc00000,0x00000007bfc00000)
  from space 2048K, 99% used [0x00000007bfc00000,0x00000007bfdfc568,0x00000007bfe00000)
  to   space 2048K, 0% used [0x00000007bfe00000,0x00000007bfe00000,0x00000007c0000000)
 ParOldGen       total 125952K, used 56196K [0x0000000700000000, 0x0000000707b00000, 0x00000007bc400000)
  object space 125952K, 44% used [0x0000000700000000,0x00000007036e1368,0x0000000707b00000)
 Metaspace       used 71243K, capacity 71823K, committed 72704K, reserved 1112064K
  class space    used 9530K, capacity 9657K, committed 9728K, reserved 1048576K
Event: 9424.279 GC heap after
Heap after GC invocations=1116 (full 448):
 PSYoungGen      total 58368K, used 1923K [0x00000007bc400000, 0x00000007c0000000, 0x00000007c0000000)
  eden space 56320K, 0% used [0x00000007bc400000,0x00000007bc400000,0x00000007bfb00000)
  from space 2048K, 93% used [0x00000007bfe00000,0x00000007bffe0db0,0x00000007c0000000)
  to   space 2560K, 0% used [0x00000007bfb00000,0x00000007bfb00000,0x00000007bfd80000)
 ParOldGen       total 125952K, used 56196K [0x0000000700000000, 0x0000000707b00000, 0x00000007bc400000)
  object space 125952K, 44% used [0x0000000700000000,0x00000007036e1368,0x0000000707b00000)
 Metaspace       used 71243K, capacity 71823K, committed 72704K, reserved 1112064K
  class space    used 9530K, capacity 9657K, committed 9728K, reserved 1048576K
}
Event: 9428.724 GC heap before
{Heap before GC invocations=1117 (full 448):
 PSYoungGen      total 58368K, used 58243K [0x00000007bc400000, 0x00000007c0000000, 0x00000007c0000000)
  eden space 56320K, 100% used [0x00000007bc400000,0x00000007bfb00000,0x00000007bfb00000)
  from space 2048K, 93% used [0x00000007bfe00000,0x00000007bffe0db0,0x00000007c0000000)
  to   space 2560K, 0% used [0x00000007bfb00000,0x00000007bfb00000,0x00000007bfd80000)
 ParOldGen       total 125952K, used 56196K [0x0000000700000000, 0x0000000707b00000, 0x00000007bc400000)
  object space 125952K, 44% used [0x0000000700000000,0x00000007036e1368,0x0000000707b00000)
 Metaspace       used 71252K, capacity 71887K, committed 72704K, reserved 1112064K
  class space    used 9530K, capacity 9657K, committed 9728K, reserved 1048576K
Event: 9428.734 GC heap after
Heap after GC invocations=1117 (full 448):
 PSYoungGen      total 58880K, used 2289K [0x00000007bc400000, 0x00000007c0000000, 0x00000007c0000000)
  eden space 56320K, 0% used [0x00000007bc400000,0x00000007bc400000,0x00000007bfb00000)
  from space 2560K, 89% used [0x00000007bfb00000,0x00000007bfd3c568,0x00000007bfd80000)
  to   space 2560K, 0% used [0x00000007bfd80000,0x00000007bfd80000,0x00000007c0000000)
 ParOldGen       total 125952K, used 56196K [0x0000000700000000, 0x0000000707b00000, 0x00000007bc400000)
  object space 125952K, 44% used [0x0000000700000000,0x00000007036e1368,0x0000000707b00000)
 Metaspace       used 71252K, capacity 71887K, committed 72704K, reserved 1112064K
  class space    used 9530K, capacity 9657K, committed 9728K, reserved 1048576K
}
Event: 9433.586 GC heap before
{Heap before GC invocations=1118 (full 448):
 PSYoungGen      total 58880K, used 58609K [0x00000007bc400000, 0x00000007c0000000, 0x00000007c0000000)
  eden space 56320K, 100% used [0x00000007bc400000,0x00000007bfb00000,0x00000007bfb00000)
  from space 2560K, 89% used [0x00000007bfb00000,0x00000007bfd3c568,0x00000007bfd80000)
  to   space 2560K, 0% used [0x00000007bfd80000,0x00000007bfd80000,0x00000007c0000000)
 ParOldGen       total 125952K, used 56197K [0x0000000700000000, 0x0000000707b00000, 0x00000007bc400000)
  object space 125952K, 44% used [0x0000000700000000,0x00000007036e1480,0x0000000707b00000)
 Metaspace       used 71256K, capacity 71887K, committed 72704K, reserved 1112064K
  class space    used 9530K, capacity 9657K, committed 9728K, reserved 1048576K
Event: 9433.592 GC heap after
Heap after GC invocations=1118 (full 448):
 PSYoungGen      total 57856K, used 1905K [0x00000007bc400000, 0x00000007c0000000, 0x00000007c0000000)
  eden space 55296K, 0% used [0x00000007bc400000,0x00000007bc400000,0x00000007bfa00000)
  from space 2560K, 74% used [0x00000007bfd80000,0x00000007bff5c568,0x00000007c0000000)
  to   space 3072K, 0% used [0x00000007bfa00000,0x00000007bfa00000,0x00000007bfd00000)
 ParOldGen       total 125952K, used 56197K [0x0000000700000000, 0x0000000707b00000, 0x00000007bc400000)
  object space 125952K, 44% used [0x0000000700000000,0x00000007036e1480,0x0000000707b00000)
 Metaspace       used 71256K, capacity 71887K, committed 72704K, reserved 1112064K
  class space    used 9530K, capacity 9657K, committed 9728K, reserved 1048576K
}

